<?xml version="1.0" encoding="UTF-8"?>
<!-- Generated by org.testng.reporters.JUnitReportReporter -->
<testsuite hostname="DESKTOP-C31C864" failures="0" tests="3" name="com.crm.elotto.contactTest.ContactTest" time="0.030" errors="0" timestamp="2022-05-10T16:39:57 IST" skipped="0">
  <testcase classname="com.crm.elotto.contactTest.ContactTest" name="contactTest" time="0.020"/>
  <system-out/>
  <testcase classname="com.crm.elotto.contactTest.ContactTest" name="deletecontactTest" time="0.005"/>
  <system-out/>
  <testcase classname="com.crm.elotto.contactTest.ContactTest" name="editcontactTest" time="0.005"/>
  <system-out/>
</testsuite> <!-- com.crm.elotto.contactTest.ContactTest -->
