<?xml version="1.0" encoding="UTF-8"?>
<!-- Generated by org.testng.reporters.JUnitReportReporter -->
<testsuite hostname="DESKTOP-C31C864" failures="0" tests="1" name="com.crm.elotto.OrganisationTest.OrganisationTest" time="0.006" errors="0" timestamp="2022-05-10T14:40:29 IST" skipped="0">
  <testcase classname="com.crm.elotto.OrganisationTest.OrganisationTest" name="createorgTest" time="0.006"/>
  <system-out/>
</testsuite> <!-- com.crm.elotto.OrganisationTest.OrganisationTest -->
