<?xml version="1.0" encoding="UTF-8"?>
<!-- Generated by org.testng.reporters.JUnitReportReporter -->
<testsuite hostname="DESKTOP-C31C864" failures="0" tests="3" name="com.crm.elotto.SampleTest.SampleTest" time="0.036" errors="0" timestamp="2022-05-10T16:10:48 IST" skipped="0">
  <testcase classname="com.crm.elotto.SampleTest.SampleTest" name="createsampTest" time="0.022"/>
  <system-out/>
  <testcase classname="com.crm.elotto.SampleTest.SampleTest" name="deleteSampleTest" time="0.009"/>
  <system-out/>
  <testcase classname="com.crm.elotto.SampleTest.SampleTest" name="editSampleTest" time="0.005"/>
  <system-out/>
</testsuite> <!-- com.crm.elotto.SampleTest.SampleTest -->
