<?xml version="1.0" encoding="UTF-8"?>
<!-- Generated by org.testng.reporters.JUnitReportReporter -->
<testsuite skipped="0" hostname="DESKTOP-C31C864" name="com.crm.elotto.OrganisationTest.OrganisationTest" tests="3" failures="0" timestamp="2022-05-10T17:31:49 IST" time="0.001" errors="0">
  <testcase name="createorgTest" time="0.000" classname="com.crm.elotto.OrganisationTest.OrganisationTest"/>
  <system-out/>
  <testcase name="deleteOrgTest" time="0.000" classname="com.crm.elotto.OrganisationTest.OrganisationTest"/>
  <system-out/>
  <testcase name="editOrgTest" time="0.001" classname="com.crm.elotto.OrganisationTest.OrganisationTest"/>
  <system-out/>
</testsuite> <!-- com.crm.elotto.OrganisationTest.OrganisationTest -->
