<?xml version="1.0" encoding="UTF-8"?>
<!-- Generated by org.testng.reporters.JUnitReportReporter -->
<testsuite skipped="0" hostname="DESKTOP-C31C864" name="com.crm.elotto.contactTest.ContactTest" tests="3" failures="0" timestamp="2022-05-10T17:31:49 IST" time="0.010" errors="0">
  <testcase name="contactTest" time="0.010" classname="com.crm.elotto.contactTest.ContactTest"/>
  <system-out/>
  <testcase name="editcontactTest" time="0.000" classname="com.crm.elotto.contactTest.ContactTest"/>
  <system-out/>
  <testcase name="deletecontactTest" time="0.000" classname="com.crm.elotto.contactTest.ContactTest"/>
  <system-out/>
</testsuite> <!-- com.crm.elotto.contactTest.ContactTest -->
