<?xml version="1.0" encoding="UTF-8"?>
<!-- Generated by org.testng.reporters.JUnitReportReporter -->
<testsuite skipped="0" hostname="DESKTOP-C31C864" name="com.crm.elotto.SampleTest.SampleTest" tests="3" failures="0" timestamp="2022-05-10T17:31:49 IST" time="0.001" errors="0">
  <testcase name="deleteSampleTest" time="0.001" classname="com.crm.elotto.SampleTest.SampleTest"/>
  <system-out/>
  <testcase name="createsampTest" time="0.000" classname="com.crm.elotto.SampleTest.SampleTest"/>
  <system-out/>
  <testcase name="editSampleTest" time="0.000" classname="com.crm.elotto.SampleTest.SampleTest"/>
  <system-out/>
</testsuite> <!-- com.crm.elotto.SampleTest.SampleTest -->
